Flow report for detecsec
Thu Sep 17 10:27:55 2015
Quartus II 32-bit Version 13.0.1 Build 232 06/12/2013 Service Pack 1 SJ Web Edition


---------------------
; Table of Contents ;
---------------------
  1. Legal Notice
  2. Flow Summary
  3. Flow Settings
  4. Flow Non-Default Global Settings
  5. Flow Elapsed Time
  6. Flow OS Summary
  7. Flow Log
  8. Flow Messages
  9. Flow Suppressed Messages



----------------
; Legal Notice ;
----------------
Copyright (C) 1991-2013 Altera Corporation
Your use of Altera Corporation's design tools, logic functions 
and other software and tools, and its AMPP partner logic 
functions, and any output files from any of the foregoing 
(including device programming or simulation files), and any 
associated documentation or information are expressly subject 
to the terms and conditions of the Altera Program License 
Subscription Agreement, Altera MegaCore Function License 
Agreement, or other applicable license agreement, including, 
without limitation, that your use is for the sole purpose of 
programming logic devices manufactured by Altera and sold by 
Altera or its authorized distributors.  Please refer to the 
applicable agreement for further details.



+-----------------------------------------------------------------------------+
; Flow Summary                                                                ;
+---------------------------+-------------------------------------------------+
; Flow Status               ; Successful - Thu Sep 17 10:27:55 2015           ;
; Quartus II 32-bit Version ; 13.0.1 Build 232 06/12/2013 SP 1 SJ Web Edition ;
; Revision Name             ; detecsec                                        ;
; Top-level Entity Name     ; detecsec                                        ;
; Family                    ; MAX7000S                                        ;
; Device                    ; EPM7128SLC84-7                                  ;
; Timing Models             ; Final                                           ;
; Total macrocells          ; 3                                               ;
; Total pins                ; 4                                               ;
+---------------------------+-------------------------------------------------+


+-----------------------------------------+
; Flow Settings                           ;
+-------------------+---------------------+
; Option            ; Setting             ;
+-------------------+---------------------+
; Start date & time ; 09/17/2015 10:18:37 ;
; Main task         ; Compilation         ;
; Revision Name     ; detecsec            ;
+-------------------+---------------------+


+----------------------------------------------------------------------------------------------------------------------+
; Flow Non-Default Global Settings                                                                                     ;
+-------------------------------------+---------------------------------+---------------+-------------+----------------+
; Assignment Name                     ; Value                           ; Default Value ; Entity Name ; Section Id     ;
+-------------------------------------+---------------------------------+---------------+-------------+----------------+
; COMPILER_SIGNATURE_ID               ; 255160560504713.144250311708640 ; --            ; --          ; --             ;
; EDA_GENERATE_FUNCTIONAL_NETLIST     ; On                              ; --            ; --          ; eda_simulation ;
; EDA_OUTPUT_DATA_FORMAT              ; Verilog Hdl                     ; --            ; --          ; eda_simulation ;
; EDA_SIMULATION_TOOL                 ; ModelSim-Altera (Verilog)       ; <None>        ; --          ; --             ;
; EDA_TIME_SCALE                      ; 1 ps                            ; --            ; --          ; eda_simulation ;
; PARTITION_COLOR                     ; 16764057                        ; --            ; --          ; Top            ;
; PARTITION_FITTER_PRESERVATION_LEVEL ; PLACEMENT_AND_ROUTING           ; --            ; --          ; Top            ;
; PARTITION_NETLIST_TYPE              ; SOURCE                          ; --            ; --          ; Top            ;
; PROJECT_OUTPUT_DIRECTORY            ; output_files                    ; --            ; --          ; --             ;
+-------------------------------------+---------------------------------+---------------+-------------+----------------+


+--------------------------------------------------------------------------------------------------------------------------+
; Flow Elapsed Time                                                                                                        ;
+----------------------+--------------+-------------------------+---------------------+------------------------------------+
; Module Name          ; Elapsed Time ; Average Processors Used ; Peak Virtual Memory ; Total CPU Time (on all processors) ;
+----------------------+--------------+-------------------------+---------------------+------------------------------------+
; Analysis & Synthesis ; 00:00:02     ; 1.0                     ; 361 MB              ; 00:00:01                           ;
; EDA Netlist Writer   ; 00:00:01     ; 1.0                     ; 293 MB              ; 00:00:00                           ;
; EDA Netlist Writer   ; 00:00:01     ; 1.0                     ; 293 MB              ; 00:00:00                           ;
; EDA Netlist Writer   ; 00:00:01     ; 1.0                     ; 293 MB              ; 00:00:01                           ;
; EDA Netlist Writer   ; 00:00:01     ; 1.0                     ; 293 MB              ; 00:00:00                           ;
; Total                ; 00:00:06     ; --                      ; --                  ; 00:00:02                           ;
+----------------------+--------------+-------------------------+---------------------+------------------------------------+


+----------------------------------------------------------------------------------------+
; Flow OS Summary                                                                        ;
+----------------------+------------------+----------------+------------+----------------+
; Module Name          ; Machine Hostname ; OS Name        ; OS Version ; Processor type ;
+----------------------+------------------+----------------+------------+----------------+
; Analysis & Synthesis ; kernelvinux      ; Ubuntu 14.04.3 ; 14         ; x86_64         ;
; EDA Netlist Writer   ; kernelvinux      ; Ubuntu 14.04.3 ; 14         ; x86_64         ;
; EDA Netlist Writer   ; kernelvinux      ; Ubuntu 14.04.3 ; 14         ; x86_64         ;
; EDA Netlist Writer   ; kernelvinux      ; Ubuntu 14.04.3 ; 14         ; x86_64         ;
; EDA Netlist Writer   ; kernelvinux      ; Ubuntu 14.04.3 ; 14         ; x86_64         ;
+----------------------+------------------+----------------+------------+----------------+


------------
; Flow Log ;
------------
quartus_map --read_settings_files=on --write_settings_files=off detecsec -c detecsec
quartus_eda --gen_testbench --check_outputs=on --tool=modelsim_oem --format=verilog detecsec -c detecsec --vector_source=/home/piero/Repositorios/Propios/Vhdl/MaquinaDeEstados/detecsec/Mealy/2Procesos/detecsec.vwf --testbench_file=./simulation/qsim/detecsec.vt
quartus_eda --functional=on --simulation=on --tool=modelsim_oem --format=verilog detecsec -c detecsec
quartus_eda --gen_testbench --check_outputs=on --tool=modelsim_oem --format=verilog detecsec -c detecsec --vector_source=/home/piero/Repositorios/Propios/Vhdl/MaquinaDeEstados/detecsec/Mealy/2Procesos/detecsec.vwf --testbench_file=./simulation/qsim/detecsec.vt
quartus_eda --functional=on --simulation=on --tool=modelsim_oem --format=verilog detecsec -c detecsec



